Arguments: 
  /usr/local/bin/node /usr/local/bin/yarn

PATH: 
  /Library/Frameworks/Python.framework/Versions/3.7/bin:/usr/local/bin:/usr/bin:/bin:/usr/sbin:/sbin:/usr/local/share/dotnet:/Library/Frameworks/Python.framework/Versions/3.7/bin

Yarn version: 
  1.15.2

Node version: 
  10.5.0

Platform: 
  darwin x64

Trace: 
  SyntaxError: /Users/to.mba/dev-ts/package-foundation/ts-range/package.json: Unexpected token / in JSON at position 240
      at JSON.parse (<anonymous>)
      at /usr/local/lib/node_modules/yarn/lib/cli.js:1625:59
      at Generator.next (<anonymous>)
      at step (/usr/local/lib/node_modules/yarn/lib/cli.js:304:30)
      at /usr/local/lib/node_modules/yarn/lib/cli.js:315:13

npm manifest: 
  {
    "name": "ts-range",
    "version": "1.0.0",
    "main": "index.ts",
    "author": "to-gth <to.code01.g@gmail.com>",
    "license": "MIT",
    "private": true,
  
    "dependencies": {
      "ts-applicatin-error": "to-gth/ts-application-error.git",
      // "ts-number": "to-gth/ts-number.git"
    }
  }

yarn manifest: 
  No manifest

Lockfile: 
  # THIS IS AN AUTOGENERATED FILE. DO NOT EDIT THIS FILE DIRECTLY.
  # yarn lockfile v1
  
  
  ts-applicatin-error@to-gth/ts-application-error.git:
    version "1.0.0"
    resolved "https://codeload.github.com/to-gth/ts-application-error/tar.gz/374c64c81f3945fd546bea656f046067b497f8b1"
  
  ts-brand@^0.0.2:
    version "0.0.2"
    resolved "https://registry.yarnpkg.com/ts-brand/-/ts-brand-0.0.2.tgz#b6cbca6ac94df1050a05844e23944eaeda1738a0"
    integrity sha512-UhSzWY4On9ZHIj6DKkRYVN/8OaprbLAZ3b/Y2AJwdl6oozSABsQ0PvwDh4vOVdkvOtWQOkIrjctZ1kj8YfF3jA==
  
  ts-number@to-gth/ts-number.git:
    version "1.0.0"
    resolved "https://codeload.github.com/to-gth/ts-number/tar.gz/045ecf305a81a27cd5929459ed3075191686ba5c"
    dependencies:
      ts-applicatin-error to-gth/ts-application-error.git
      ts-brand "^0.0.2"
